<?xml version="1.0" encoding="UTF-8"?>
<testng-results skipped="0" failed="0" ignored="0" total="1" passed="1">
  <reporter-output>
  </reporter-output>
  <suite name="All Test Suite" duration-ms="25" started-at="2021-12-06T15:28:51 CST" finished-at="2021-12-06T15:28:51 CST">
    <groups>
    </groups>
    <test name="D:/IDEAProject/IDEA-Ultimate-test" duration-ms="25" started-at="2021-12-06T15:28:51 CST" finished-at="2021-12-06T15:28:51 CST">
      <class name="com.zhaoq.testcase04.testSubject01">
        <test-method status="PASS" signature="test01()[pri:0, instance:com.zhaoq.testcase04.testSubject01@7cd62f43]" name="test01" is-config="true" duration-ms="7" started-at="2021-12-06T15:28:51 CST" finished-at="2021-12-06T15:28:51 CST">
          <reporter-output>
          </reporter-output>
        </test-method> <!-- test01 -->
        <test-method status="PASS" signature="test02()[pri:0, instance:com.zhaoq.testcase04.testSubject01@7cd62f43]" name="test02" is-config="true" duration-ms="1" started-at="2021-12-06T15:28:51 CST" finished-at="2021-12-06T15:28:51 CST">
          <reporter-output>
          </reporter-output>
        </test-method> <!-- test02 -->
        <test-method status="PASS" signature="testTest()[pri:0, instance:com.zhaoq.testcase04.testSubject01@7cd62f43]" name="testTest" duration-ms="1" started-at="2021-12-06T15:28:51 CST" finished-at="2021-12-06T15:28:51 CST">
          <reporter-output>
          </reporter-output>
        </test-method> <!-- testTest -->
      </class> <!-- com.zhaoq.testcase04.testSubject01 -->
    </test> <!-- D:/IDEAProject/IDEA-Ultimate-test -->
  </suite> <!-- All Test Suite -->
</testng-results>
